[TRACE] 2019-08-06 14:19:45.696 [main] Log4j - This is trace
[INFO ] 2019-08-06 14:19:45.699 [main] Log4j - This is info
[ERROR] 2019-08-06 14:19:45.699 [main] Log4j - this is error
[WARN ] 2019-08-06 14:19:45.699 [main] Log4j - this is warn
[FATAL] 2019-08-06 14:19:45.699 [main] Log4j - this is fatal
[INFO ] 2019-08-06 15:14:17.670 [main] AppiumServer - Error
[INFO ] 2019-08-06 15:34:03.415 [main] AppiumServer - Appium server started successfully
[INFO ] 2019-08-06 15:34:20.170 [main] AppiumServer - ShutApp Launched
[INFO ] 2019-08-06 15:37:17.051 [main] AppiumServer - Appium server started successfully
[INFO ] 2019-08-06 15:37:32.015 [main] AppiumServer - ShutApp Launched
[INFO ] 2019-08-06 16:02:13.301 [main] AppiumServer - Appium server started successfully
[INFO ] 2019-08-06 16:02:26.202 [main] AppiumServer - ShutApp Launched
[INFO ] 2019-08-06 16:03:03.994 [main] AppiumServer - Country Selected
[INFO ] 2019-08-06 16:03:05.810 [main] AppiumServer - Next Button is Enabled
[INFO ] 2019-08-06 16:03:42.612 [main] AppiumServer - Page uploaded
[INFO ] 2019-08-06 16:03:48.971 [main] AppiumServer - Page uploaded
[INFO ] 2019-08-06 16:03:49.575 [main] AppiumServer - Clicked on Avatar
[INFO ] 2019-08-06 16:04:46.986 [main] AppiumServer - Appium server started successfully
[INFO ] 2019-08-06 16:04:56.269 [main] AppiumServer - Appium server started successfully
[INFO ] 2019-08-06 16:05:09.546 [main] AppiumServer - ShutApp Launched
[INFO ] 2019-08-06 16:05:09.553 [main] AppiumServer - ShutApp Launched
[INFO ] 2019-08-06 16:06:07.728 [main] AppiumServer - Appium server started successfully
[INFO ] 2019-08-06 16:06:21.538 [main] AppiumServer - ShutApp Launched
[INFO ] 2019-08-06 16:06:59.466 [main] AppiumServer - Country Selected
[INFO ] 2019-08-06 16:07:01.307 [main] AppiumServer - Next Button is Enabled
[INFO ] 2019-08-06 16:07:37.793 [main] AppiumServer - Page uploaded
[INFO ] 2019-08-06 16:07:44.352 [main] AppiumServer - Page uploaded
[INFO ] 2019-08-06 16:07:44.973 [main] AppiumServer - Clicked on Avatar
[INFO ] 2019-08-06 16:07:46.086 [main] AppiumServer - Camera selected
[INFO ] 2019-08-06 16:07:48.178 [main] AppiumServer - Camera accessed
[INFO ] 2019-08-06 16:07:49.106 [main] AppiumServer - Photos and media accessesd
[INFO ] 2019-08-06 16:07:51.522 [main] AppiumServer - Image captured
[INFO ] 2019-08-06 16:07:55.830 [main] AppiumServer - click on Done
[INFO ] 2019-08-06 16:08:07.047 [main] AppiumServer - Image uploaded
[INFO ] 2019-08-06 16:08:09.053 [main] AppiumServer - Gender selected
[INFO ] 2019-08-06 17:15:09.789 [main] AppiumServer - Appium server started successfully
[INFO ] 2019-08-06 17:15:22.318 [main] AppiumServer - Appium server started successfully
[INFO ] 2019-08-06 17:15:35.191 [main] AppiumServer - ShutApp Launched
[INFO ] 2019-08-06 17:16:13.481 [main] AppiumServer - Country Selected
[INFO ] 2019-08-06 17:16:15.322 [main] AppiumServer - Next Button is Enabled
[INFO ] 2019-08-06 17:16:51.851 [main] AppiumServer - Page uploaded
[INFO ] 2019-08-06 17:16:58.379 [main] AppiumServer - Page uploaded
[INFO ] 2019-08-06 17:16:58.975 [main] AppiumServer - Clicked on Avatar
[INFO ] 2019-08-06 17:17:00.104 [main] AppiumServer - Camera selected
[INFO ] 2019-08-06 17:17:01.466 [main] AppiumServer - Camera accessed
[INFO ] 2019-08-06 17:17:02.400 [main] AppiumServer - Photos and media accessesd
[INFO ] 2019-08-06 17:17:04.651 [main] AppiumServer - Image captured
[INFO ] 2019-08-06 17:17:09.474 [main] AppiumServer - click on Done
[INFO ] 2019-08-06 17:17:20.749 [main] AppiumServer - Image uploaded
[INFO ] 2019-08-06 17:17:22.779 [main] AppiumServer - Gender selected
[INFO ] 2019-08-06 17:18:45.501 [main] AppiumServer - Appium server started successfully
[INFO ] 2019-08-06 17:18:57.633 [main] AppiumServer - Appium server started successfully
[INFO ] 2019-08-06 17:19:10.484 [main] AppiumServer - ShutApp Launched
[INFO ] 2019-08-06 17:19:48.799 [main] AppiumServer - Country Selected
[INFO ] 2019-08-06 17:19:50.631 [main] AppiumServer - Next Button is Enabled
[INFO ] 2019-08-06 17:20:27.295 [main] AppiumServer - Page uploaded
[INFO ] 2019-08-06 17:20:33.583 [main] AppiumServer - Page uploaded
[INFO ] 2019-08-06 17:20:34.261 [main] AppiumServer - Clicked on Avatar
[INFO ] 2019-08-06 17:20:35.313 [main] AppiumServer - Camera selected
[INFO ] 2019-08-06 17:20:37.366 [main] AppiumServer - Camera accessed
[INFO ] 2019-08-06 17:20:38.273 [main] AppiumServer - Photos and media accessesd
[INFO ] 2019-08-06 17:20:40.685 [main] AppiumServer - Image captured
[INFO ] 2019-08-06 17:20:44.903 [main] AppiumServer - click on Done
[INFO ] 2019-08-06 17:20:51.001 [main] AppiumServer - Image uploaded
[INFO ] 2019-08-06 17:20:52.996 [main] AppiumServer - Gender selected
